<?xml version="1.0" encoding="UTF-8"?>
<testsuite name="Purchase of a Samsung Galaxy S6 in Demoblaze web" tests="1" skipped="0" failures="0" errors="0" timestamp="2023-02-25T05:18:12" hostname="SQAMED-86491" time="39.642">
  <properties/>
  <testcase name="buySamsung" classname="Purchase of a Samsung Galaxy S6 in Demoblaze web" time="39.642"/>
  <system-out><![CDATA[Thank you for your purchase!
Thank you for your purchase!1
]]></system-out>
  <system-err><![CDATA[[Test worker] INFO io.cucumber.core.plugin.SerenityReporter - Running feature from file:///C:/Users/pcc/Retos/RetoTecnicoT-EvolversWeb/src/test/resources/features/buyProducts.feature
[Test worker] INFO  - 
  _____   ___   ___   _____     ___   _____     _     ___   _____   ___   ___  
 |_   _| | __| / __| |_   _|   / __| |_   _|   /_\   | _ \ |_   _| | __| |   \ 
   | |   | _|  \__ \   | |     \__ \   | |    / _ \  |   /   | |   | _|  | |) |
   |_|   |___| |___/   |_|     |___/   |_|   /_/ \_\ |_|_\   |_|   |___| |___/ 

buySamsung(purchase-of-a-samsung-galaxy-s6-in-demoblaze-web;buysamsung)
--------------------------------------------------------------------------------
[Test worker] INFO io.github.bonigarcia.wdm.WebDriverManager - Using chromedriver 110.0.5481.77 (resolved driver for Chrome 110)
[Test worker] INFO io.github.bonigarcia.wdm.WebDriverManager - Exporting webdriver.chrome.driver as C:\Users\pcc\.cache\selenium\chromedriver\win32\110.0.5481.77\chromedriver.exe
Starting ChromeDriver 110.0.5481.77 (65ed616c6e8ee3fe0ad64fe83796c020644d42af-refs/branch-heads/5481@{#839}) on port 52538
Only local connections are allowed.
Please see https://chromedriver.chromium.org/security-considerations for suggestions on keeping ChromeDriver safe.
ChromeDriver was started successfully.
[1677302295.753][WARNING]: virtual void DevToolsClientImpl::AddListener(DevToolsEventListener *) subscribing a listener to the already connected DevToolsClient. Connection notification will not arrive.
feb. 25, 2023 12:18:15 A. M. org.openqa.selenium.remote.ProtocolHandshake createSession
INFO: Detected dialect: W3C
feb. 25, 2023 12:18:16 A. M. org.openqa.selenium.devtools.CdpVersionFinder findNearestMatch
WARNING: Unable to find an exact match for CDP version 110, so returning the closest version found: a no-op implementation
feb. 25, 2023 12:18:16 A. M. org.openqa.selenium.devtools.CdpVersionFinder findNearestMatch
INFO: Unable to find CDP implementation matching 110.
feb. 25, 2023 12:18:16 A. M. org.openqa.selenium.chromium.ChromiumDriver lambda$new$3
WARNING: Unable to find version of CDP to use for . You may need to include a dependency on a specific version of the CDP using something similar to `org.seleniumhq.selenium:selenium-devtools-v86:4.1.2` where the version ("v86") matches the version of the chromium-based browser you're using and the version number of the artifact is the same as Selenium's.
[Test worker] INFO  - ?[92m
  _____   ___   ___   _____     ___     _     ___   ___   ___   ___  
 |_   _| | __| / __| |_   _|   | _ \   /_\   / __| / __| | __| |   \ 
   | |   | _|  \__ \   | |     |  _/  / _ \  \__ \ \__ \ | _|  | |) |
   |_|   |___| |___/   |_|     |_|   /_/ \_\ |___/ |___/ |___| |___/ 

Buy samsung
----------------------------------------------------------------------?[0m
]]></system-err>
</testsuite>
